
 ⛅️ wrangler 4.80.0
───────────────────
Total Upload: 90.47 KiB / gzip: 21.78 KiB
Your Worker has access to the following bindings:
Binding                                                                  Resource                  
env.AUTH_KV (789e7cf1894e4d4c9e8f8cd51b2dbe16)                           KV Namespace              
env.AURA_DB (fnb-caffe-db)                                               D1 Database               
env.ENVIRONMENT ("production")                                           Environment Variable      
env.CORS_ORIGIN ("*")                                                    Environment Variable      
env.JWT_SECRET ("your-super-secret-jwt-key-change-in-p...")              Environment Variable      
env.PAYOS_CLIENT_ID ("YOUR_PAYOS_CLIENT_ID")                             Environment Variable      
env.PAYOS_API_KEY ("YOUR_PAYOS_API_KEY")                                 Environment Variable      
env.PAYOS_CHECKSUM_KEY ("YOUR_PAYOS_CHECKSUM_KEY")                       Environment Variable      

Uploaded aura-space-worker (12.78 sec)
[33m▲ [43;33m[[43;30mWARNING[43;33m][0m [1mBecause 'workers_dev' is not in your Wrangler file, it will be enabled for this deployment by default.[0m

  To override this setting, you can disable workers.dev by explicitly setting 'workers_dev = false' in your Wrangler file.


[33m▲ [43;33m[[43;30mWARNING[43;33m][0m [1mBecause your 'workers.dev' route is enabled and your 'preview_urls' setting is not in your Wrangler file, Preview URLs will be enabled for this deployment by default.[0m

  To override this setting, you can disable Preview URLs by explicitly setting 'preview_urls = false' in your Wrangler file.


Deployed aura-space-worker triggers (6.93 sec)
  https://aura-space-worker.sadec-marketing-hub.workers.dev
Current Version ID: 67de6d37-345b-40cc-8fc9-bb312ad28640
